<?xml version="1.0" encoding="UTF-8"?>
<!-- Generated by org.testng.reporters.JUnitReportReporter -->
<testsuite hostname="Rehan" failures="0" tests="1" name="chl.LoginPage" time="13.152" errors="0" timestamp="2023-03-01T19:09:51 IST" skipped="0">
  <testcase classname="chl.LoginPage" name="login" time="13.152"/>
  <system-out/>
</testsuite> <!-- chl.LoginPage -->
