<?xml version="1.0" encoding="UTF-8"?>
<!-- Generated by org.testng.reporters.JUnitReportReporter -->
<testsuite hostname="Rehan" failures="0" tests="1" name="chl.LoginPageTLS" time="5.099" errors="0" timestamp="2023-02-24T18:11:06 IST" skipped="0">
  <testcase classname="chl.LoginPageTLS" name="login" time="5.099"/>
  <system-out/>
</testsuite> <!-- chl.LoginPageTLS -->
