<?xml version="1.0" encoding="UTF-8"?>
<!-- Generated by org.testng.reporters.JUnitReportReporter -->
<testsuite hostname="Rehan" failures="0" tests="3" name="utils.ApiClass" time="5.142" errors="0" timestamp="2023-03-06T15:40:06 IST" skipped="0">
  <testcase classname="utils.ApiClass" name="panicButoon" time="1.242"/>
  <system-out/>
  <testcase classname="utils.ApiClass" name="motion" time="1.265"/>
  <system-out/>
  <testcase classname="utils.ApiClass" name="doorAndWindow" time="2.635"/>
  <system-out/>
</testsuite> <!-- utils.ApiClass -->
