<?xml version="1.0" encoding="UTF-8"?>
<!-- Generated by org.testng.reporters.JUnitReportReporter -->
<testsuite hostname="Rehan" failures="0" tests="2" name="chl.CreatePatient" time="20.438" errors="0" timestamp="2023-03-01T19:28:40 IST" skipped="0">
  <testcase classname="chl.CreatePatient" name="login" time="8.875"/>
  <system-out/>
  <testcase classname="chl.CreatePatient" name="createPatient" time="11.563"/>
  <system-out/>
</testsuite> <!-- chl.CreatePatient -->
