<?xml version="1.0" encoding="UTF-8"?>
<!-- Generated by org.testng.reporters.JUnitReportReporter -->
<testsuite hostname="Rehan" failures="0" tests="3" name="utils.ApiClass" time="5.718" errors="0" timestamp="2023-03-07T18:15:39 IST" skipped="0">
  <testcase classname="utils.ApiClass" name="panicButoon" time="3.211"/>
  <system-out/>
  <testcase classname="utils.ApiClass" name="doorAndWindow" time="1.283"/>
  <system-out/>
  <testcase classname="utils.ApiClass" name="motion" time="1.224"/>
  <system-out/>
</testsuite> <!-- utils.ApiClass -->
