<?xml version="1.0" encoding="UTF-8"?>
<!-- Generated by org.testng.reporters.JUnitReportReporter -->
<testsuite hostname="Rehan" failures="0" tests="2" name="chl.CreatePatient" time="17.299" errors="0" timestamp="2023-03-02T00:04:48 IST" skipped="0">
  <testcase classname="chl.CreatePatient" name="login" time="8.436"/>
  <system-out/>
  <testcase classname="chl.CreatePatient" name="createPatient" time="8.863"/>
  <system-out/>
</testsuite> <!-- chl.CreatePatient -->
