<?xml version="1.0" encoding="UTF-8"?>
<!-- Generated by org.testng.reporters.JUnitReportReporter -->
<testsuite hostname="Rehan" failures="0" tests="3" name="chl.CreatePatient" time="24.021" errors="0" timestamp="2023-03-07T18:15:39 IST" skipped="0">
  <testcase classname="chl.CreatePatient" name="login" time="8.519"/>
  <system-out/>
  <testcase classname="chl.CreatePatient" name="createPatient" time="10.045"/>
  <system-out/>
  <testcase classname="chl.CreatePatient" name="patientList" time="5.457"/>
  <system-out/>
</testsuite> <!-- chl.CreatePatient -->
