<?xml version="1.0" encoding="UTF-8"?>
<!-- Generated by org.testng.reporters.JUnitReportReporter -->
<testsuite hostname="Rehan" failures="0" tests="2" name="chl.CreatePatient" time="13.290" errors="0" timestamp="2023-03-01T02:08:52 IST" skipped="0">
  <testcase classname="chl.CreatePatient" name="login" time="5.631"/>
  <system-out/>
  <testcase classname="chl.CreatePatient" name="createPatient" time="7.659"/>
  <system-out/>
</testsuite> <!-- chl.CreatePatient -->
