<?xml version="1.0" encoding="UTF-8"?>
<!-- Generated by org.testng.reporters.JUnitReportReporter -->
<testsuite hostname="Rehan" failures="0" tests="1" name="chl.ApiDemo" time="1.185" errors="0" timestamp="2023-03-06T13:18:29 IST" skipped="0">
  <testcase classname="chl.ApiDemo" name="demo" time="1.185"/>
  <system-out/>
</testsuite> <!-- chl.ApiDemo -->
