<?xml version="1.0" encoding="UTF-8"?>
<!-- Generated by org.testng.reporters.JUnitReportReporter -->
<testsuite hostname="Rehan" failures="0" tests="3" name="chl.CreatePatient" time="25.244" errors="0" timestamp="2023-03-07T17:16:38 IST" skipped="0">
  <testcase classname="chl.CreatePatient" name="login" time="9.593"/>
  <system-out/>
  <testcase classname="chl.CreatePatient" name="createPatient" time="10.232"/>
  <system-out/>
  <testcase classname="chl.CreatePatient" name="patientList" time="5.419"/>
  <system-out/>
</testsuite> <!-- chl.CreatePatient -->
