<?xml version="1.0" encoding="UTF-8"?>
<!-- Generated by org.testng.reporters.JUnitReportReporter -->
<testsuite hostname="Rehan" failures="0" tests="4" name="chl.CreateSensor" time="17.598" errors="0" timestamp="2023-03-07T17:16:38 IST" skipped="0">
  <testcase classname="chl.CreateSensor" name="openTLSAdmin" time="5.831"/>
  <system-out/>
  <testcase classname="chl.CreateSensor" name="createNeedHelpSensor" time="3.689"/>
  <system-out/>
  <testcase classname="chl.CreateSensor" name="createDoorWindowSensor" time="3.888"/>
  <system-out/>
  <testcase classname="chl.CreateSensor" name="createMotionSensor" time="4.190"/>
  <system-out/>
</testsuite> <!-- chl.CreateSensor -->
