<?xml version="1.0" encoding="UTF-8"?>
<!-- Generated by org.testng.reporters.JUnitReportReporter -->
<testsuite hostname="Rehan" failures="0" tests="1" name="chl.AcceptAlerts" time="66.077" errors="0" timestamp="2023-03-14T16:55:23 IST" skipped="0">
  <testcase classname="chl.AcceptAlerts" name="acceptAlerts" time="66.077"/>
  <system-out/>
</testsuite> <!-- chl.AcceptAlerts -->
