<?xml version="1.0" encoding="UTF-8"?>
<!-- Generated by org.testng.reporters.JUnitReportReporter -->
<testsuite hostname="Rehan" failures="0" tests="3" name="chl.ApiClass" time="6.717" errors="0" timestamp="2023-03-14T16:35:20 IST" skipped="0">
  <testcase classname="chl.ApiClass" name="panicButoon" time="4.074"/>
  <system-out/>
  <testcase classname="chl.ApiClass" name="doorAndWindow" time="1.195"/>
  <system-out/>
  <testcase classname="chl.ApiClass" name="motion" time="1.448"/>
  <system-out/>
</testsuite> <!-- chl.ApiClass -->
