<?xml version="1.0" encoding="UTF-8"?>
<!-- Generated by org.testng.reporters.JUnitReportReporter -->
<testsuite hostname="Rehan" failures="0" tests="3" name="chl.CreatePatient" time="25.304" errors="0" timestamp="2023-03-14T16:35:20 IST" skipped="0">
  <testcase classname="chl.CreatePatient" name="login" time="7.123"/>
  <system-out/>
  <testcase classname="chl.CreatePatient" name="createPatient" time="11.536"/>
  <system-out/>
  <testcase classname="chl.CreatePatient" name="patientList" time="6.645"/>
  <system-out/>
</testsuite> <!-- chl.CreatePatient -->
