<?xml version="1.0" encoding="UTF-8"?>
<!-- Generated by org.testng.reporters.JUnitReportReporter -->
<testsuite hostname="Rehan" failures="0" tests="3" name="chl.ApiClass" time="5.505" errors="0" timestamp="2023-03-13T16:00:48 IST" skipped="0">
  <testcase classname="chl.ApiClass" name="panicButoon" time="3.136"/>
  <system-out/>
  <testcase classname="chl.ApiClass" name="doorAndWindow" time="1.176"/>
  <system-out/>
  <testcase classname="chl.ApiClass" name="motion" time="1.193"/>
  <system-out/>
</testsuite> <!-- chl.ApiClass -->
