<?xml version="1.0" encoding="UTF-8"?>
<!-- Generated by org.testng.reporters.JUnitReportReporter -->
<testsuite hostname="Rehan" failures="0" tests="4" name="chl.CreateSensor" time="15.887" errors="0" timestamp="2023-03-13T16:00:48 IST" skipped="0">
  <testcase classname="chl.CreateSensor" name="openTLSAdmin" time="5.014"/>
  <system-out/>
  <testcase classname="chl.CreateSensor" name="createNeedHelpSensor" time="3.625"/>
  <system-out/>
  <testcase classname="chl.CreateSensor" name="createDoorWindowSensor" time="3.554"/>
  <system-out/>
  <testcase classname="chl.CreateSensor" name="createMotionSensor" time="3.694"/>
  <system-out/>
</testsuite> <!-- chl.CreateSensor -->
