<?xml version="1.0" encoding="UTF-8"?>
<!-- Generated by org.testng.reporters.JUnitReportReporter -->
<testsuite hostname="Rehan" failures="0" tests="3" name="chl.CreateOwner" time="20.167" errors="0" timestamp="2023-03-14T16:35:20 IST" skipped="0">
  <testcase classname="chl.CreateOwner" name="createOwner" time="11.067"/>
  <system-out/>
  <testcase classname="chl.CreateOwner" name="createSubscripion" time="4.859"/>
  <system-out/>
  <testcase classname="chl.CreateOwner" name="assignSubscriptionToOwner" time="4.241"/>
  <system-out/>
</testsuite> <!-- chl.CreateOwner -->
