<?xml version="1.0" encoding="UTF-8"?>
<!-- Generated by org.testng.reporters.JUnitReportReporter -->
<testsuite hostname="Rehan" failures="0" tests="1" name="chl.AcceptAlerts" time="50.871" errors="0" timestamp="2023-03-13T16:00:48 IST" skipped="0">
  <testcase classname="chl.AcceptAlerts" name="acceptAlerts" time="50.871"/>
  <system-out/>
</testsuite> <!-- chl.AcceptAlerts -->
