<?xml version="1.0" encoding="UTF-8"?>
<!-- Generated by org.testng.reporters.JUnitReportReporter -->
<testsuite hostname="Rehan" failures="0" tests="4" name="chl.CreateSensor" time="16.174" errors="0" timestamp="2023-03-14T16:35:20 IST" skipped="0">
  <testcase classname="chl.CreateSensor" name="openTLSAdmin" time="3.385"/>
  <system-out/>
  <testcase classname="chl.CreateSensor" name="createNeedHelpSensor" time="4.398"/>
  <system-out/>
  <testcase classname="chl.CreateSensor" name="createDoorWindowSensor" time="4.407"/>
  <system-out/>
  <testcase classname="chl.CreateSensor" name="createMotionSensor" time="3.984"/>
  <system-out/>
</testsuite> <!-- chl.CreateSensor -->
