<?xml version="1.0" encoding="UTF-8"?>
<!-- Generated by org.testng.reporters.JUnitReportReporter -->
<testsuite hostname="Rehan" failures="0" tests="3" name="chl.CreatePatient" time="28.859" errors="0" timestamp="2023-03-13T16:00:48 IST" skipped="0">
  <testcase classname="chl.CreatePatient" name="login" time="9.142"/>
  <system-out/>
  <testcase classname="chl.CreatePatient" name="createPatient" time="11.722"/>
  <system-out/>
  <testcase classname="chl.CreatePatient" name="patientList" time="7.995"/>
  <system-out/>
</testsuite> <!-- chl.CreatePatient -->
