<?xml version="1.0" encoding="UTF-8"?>
<!-- Generated by org.testng.reporters.JUnitReportReporter -->
<testsuite hostname="Rehan" failures="0" tests="1" name="chl.CreatePatient" time="5.925" errors="0" timestamp="2023-03-13T12:02:11 IST" skipped="0">
  <testcase classname="chl.CreatePatient" name="login" time="5.925"/>
  <system-out/>
</testsuite> <!-- chl.CreatePatient -->
