<?xml version="1.0" encoding="UTF-8"?>
<!-- Generated by org.testng.reporters.JUnitReportReporter -->
<testsuite hostname="Rehan" failures="0" tests="4" name="chl.CreateSensor" time="15.411" errors="0" timestamp="2023-03-07T18:15:39 IST" skipped="0">
  <testcase classname="chl.CreateSensor" name="openTLSAdmin" time="5.191"/>
  <system-out/>
  <testcase classname="chl.CreateSensor" name="createNeedHelpSensor" time="3.360"/>
  <system-out/>
  <testcase classname="chl.CreateSensor" name="createDoorWindowSensor" time="3.305"/>
  <system-out/>
  <testcase classname="chl.CreateSensor" name="createMotionSensor" time="3.555"/>
  <system-out/>
</testsuite> <!-- chl.CreateSensor -->
